C51 COMPILER V9.60.7.0   MAIN                                                              02/24/2026 05:38:36 PAGE 1   


C51 COMPILER V9.60.7.0, COMPILATION OF MODULE MAIN
OBJECT MODULE PLACED IN .\Objects\main.obj
COMPILER INVOKED BY: E:\Keil5\C51\BIN\C51.EXE main.c OPTIMIZE(8,SPEED) BROWSE DEBUG OBJECTEXTEND PRINT(.\Listings\main.l
                    -st) OBJECT(.\Objects\main.obj)

line level    source

   1          #include <regx52.h>
   2          #include "LCD1602.h"
   3          
   4          
   5          void main(){
   6   1              LCD_Init();
   7   1              LCD_ShowChar(1,1,'A');
   8   1              LCD_ShowString(1,3,"LOVE");
   9   1              LCD_ShowNum(1,8,666,3);
  10   1              LCD_ShowSignedNum(2,1,666,3);
  11   1              LCD_ShowHexNum(2,6,0xF,1);
  12   1              LCD_ShowBinNum(2,8,0xF,4);
  13   1              while(1){
  14   2                      
  15   2              
  16   2              
  17   2              }
  18   1      
  19   1      
  20   1      }


MODULE INFORMATION:   STATIC OVERLAYABLE
   CODE SIZE        =     83    ----
   CONSTANT SIZE    =      5    ----
   XDATA SIZE       =   ----    ----
   PDATA SIZE       =   ----    ----
   DATA SIZE        =   ----    ----
   IDATA SIZE       =   ----    ----
   BIT SIZE         =   ----    ----
END OF MODULE INFORMATION.


C51 COMPILATION COMPLETE.  0 WARNING(S),  0 ERROR(S)
