C51 COMPILER V9.60.7.0   MAIN                                                              02/18/2026 16:01:02 PAGE 1   


C51 COMPILER V9.60.7.0, COMPILATION OF MODULE MAIN
OBJECT MODULE PLACED IN .\Objects\main.obj
COMPILER INVOKED BY: E:\Keil5\C51\BIN\C51.EXE main.c OPTIMIZE(8,SPEED) BROWSE DEBUG OBJECTEXTEND PRINT(.\Listings\main.l
                    -st) TABS(2) OBJECT(.\Objects\main.obj)

line level    source

   1          #include <regx52.h>
   2          
   3          void Delay1ms(unsigned int t_ms)    //@12.000MHz
   4          {
   5   1        unsigned char i, j;
   6   1        unsigned int t=0;
   7   1        for(t=0; t<t_ms; t++){
   8   2            i = 2;
   9   2            j = 239;
  10   2            do
  11   2            {
  12   3              while (--j);
  13   3            } while (--i);
  14   2        
  15   2        }
  16   1      }
  17          
  18          
  19          void main(){
  20   1        while(1){
  21   2        P2 = 0xFE;
  22   2          Delay1ms(125);
  23   2          P2 = 0xFD;
  24   2          Delay1ms(500);
  25   2          P2 = 0xFB;
  26   2          Delay1ms(125);
  27   2          P2 = 0xF7;
  28   2          Delay1ms(500);
  29   2          P2 = 0xEF;
  30   2          Delay1ms(125);
  31   2          P2 = 0xDF;
  32   2          Delay1ms(500);
  33   2          P2 = 0xBF;
  34   2          Delay1ms(125);
  35   2          P2 = 0x7F;
  36   2          Delay1ms(500);
  37   2        }
  38   1      }


MODULE INFORMATION:   STATIC OVERLAYABLE
   CODE SIZE        =     98    ----
   CONSTANT SIZE    =   ----    ----
   XDATA SIZE       =   ----    ----
   PDATA SIZE       =   ----    ----
   DATA SIZE        =   ----    ----
   IDATA SIZE       =   ----    ----
   BIT SIZE         =   ----    ----
END OF MODULE INFORMATION.


C51 COMPILATION COMPLETE.  0 WARNING(S),  0 ERROR(S)
