C51 COMPILER V9.60.7.0   MAIN                                                              02/19/2026 16:58:13 PAGE 1   


C51 COMPILER V9.60.7.0, COMPILATION OF MODULE MAIN
OBJECT MODULE PLACED IN .\Objects\main.obj
COMPILER INVOKED BY: E:\Keil5\C51\BIN\C51.EXE main.c OPTIMIZE(8,SPEED) BROWSE DEBUG OBJECTEXTEND PRINT(.\Listings\main.l
                    -st) OBJECT(.\Objects\main.obj)

line level    source

   1          #include <regx52.h>
   2          
   3          void Delay1ms(unsigned int t_ms)                //@12.000MHz
   4          {
   5   1              unsigned char i, j;
   6   1      
   7   1              unsigned int t;
   8   1              for(t = 0; t <= t_ms; t++){
   9   2                      i = 12;
  10   2                      j = 169;
  11   2                      do
  12   2                      {
  13   3                              while (--j);
  14   3                      } while (--i);
  15   2              }
  16   1      }
  17          
  18          
  19          void main(){
  20   1              unsigned char num = 0x00;
  21   1              while(1){
  22   2                      if(P3_1 == 0){
  23   3                              Delay1ms(20);
  24   3                              while(P3_1 == 0);
  25   3                              Delay1ms(20);
  26   3                              if(num == 0x00 || num == 0x80){
  27   4                                      num = 0x01;
  28   4                              }
  29   3                              else{
  30   4                                      num = num<<0x01;
  31   4                              }
  32   3                              P2 = ~num;
  33   3                      }
  34   2                                      if(P3_0 == 0){
  35   3                              Delay1ms(20);
  36   3                              while(P3_0 == 0);
  37   3                              Delay1ms(20);
  38   3                              if(num == 0x00 || num == 0x01){
  39   4                                      num = 0x80;
  40   4                              }
  41   3                              else{
  42   4                                      num = num>>0x01;
  43   4                              }
  44   3                              P2 = ~num;
  45   3                      }
  46   2              }
  47   1      }


MODULE INFORMATION:   STATIC OVERLAYABLE
   CODE SIZE        =     94    ----
   CONSTANT SIZE    =   ----    ----
   XDATA SIZE       =   ----    ----
   PDATA SIZE       =   ----    ----
C51 COMPILER V9.60.7.0   MAIN                                                              02/19/2026 16:58:13 PAGE 2   

   DATA SIZE        =   ----    ----
   IDATA SIZE       =   ----    ----
   BIT SIZE         =   ----    ----
END OF MODULE INFORMATION.


C51 COMPILATION COMPLETE.  0 WARNING(S),  0 ERROR(S)
