C51 COMPILER V9.60.7.0   MAIN                                                              02/23/2026 16:45:39 PAGE 1   


C51 COMPILER V9.60.7.0, COMPILATION OF MODULE MAIN
OBJECT MODULE PLACED IN .\Objects\main.obj
COMPILER INVOKED BY: E:\Keil5\C51\BIN\C51.EXE main.c OPTIMIZE(8,SPEED) BROWSE DEBUG OBJECTEXTEND PRINT(.\Listings\main.l
                    -st) OBJECT(.\Objects\main.obj)

line level    source

   1          #include <regx52.h>
   2          #include "Delay.h"
   3          #include "NumLED.h"
   4          
   5          void main(){
   6   1              while(1){
   7   2                      NumLED(8,5);
   8   2                      Delay(1);
   9   2                      NumLED(7,2);
  10   2                      Delay(1);
  11   2                      NumLED(6,0);
  12   2                      Delay(1);
  13   2                      NumLED(5,1);
  14   2                      Delay(1);
  15   2                      NumLED(4,3);
  16   2                      Delay(1);
  17   2                      NumLED(3,1);
  18   2                      Delay(1);
  19   2                      NumLED(2,4);
  20   2                      Delay(1);
  21   2              }
  22   1      }


MODULE INFORMATION:   STATIC OVERLAYABLE
   CODE SIZE        =    113    ----
   CONSTANT SIZE    =   ----    ----
   XDATA SIZE       =   ----    ----
   PDATA SIZE       =   ----    ----
   DATA SIZE        =   ----    ----
   IDATA SIZE       =   ----    ----
   BIT SIZE         =   ----    ----
END OF MODULE INFORMATION.


C51 COMPILATION COMPLETE.  0 WARNING(S),  0 ERROR(S)
