C51 COMPILER V9.60.7.0   MAIN                                                              02/19/2026 16:30:00 PAGE 1   


C51 COMPILER V9.60.7.0, COMPILATION OF MODULE MAIN
OBJECT MODULE PLACED IN .\Objects\main.obj
COMPILER INVOKED BY: E:\Keil5\C51\BIN\C51.EXE main.c OPTIMIZE(8,SPEED) BROWSE DEBUG OBJECTEXTEND PRINT(.\Listings\main.l
                    -st) OBJECT(.\Objects\main.obj)

line level    source

   1          #include <regx52.h>
   2          
   3          void Delay1ms(unsigned int t_ms)                //@12.000MHz
   4          {
   5   1              unsigned char i, j;
   6   1      
   7   1              unsigned int t;
   8   1              for(t = 0; t <= t_ms; t++){
   9   2                      i = 2;
  10   2                      j = 239;
  11   2                      do
  12   2                      {
  13   3                              while (--j);
  14   3                      } while (--i);
  15   2              }
  16   1      }
  17          
  18          void main(){
  19   1              P2 = 0xFF;
  20   1              while(1){
  21   2                      if(P3_1 == 0){
  22   3                              Delay1ms(20);
  23   3                              while(P3_1 == 0);
  24   3                              Delay1ms(20);
  25   3                              P2--;
  26   3                      }
  27   2              }
  28   1      }


MODULE INFORMATION:   STATIC OVERLAYABLE
   CODE SIZE        =     53    ----
   CONSTANT SIZE    =   ----    ----
   XDATA SIZE       =   ----    ----
   PDATA SIZE       =   ----    ----
   DATA SIZE        =   ----    ----
   IDATA SIZE       =   ----    ----
   BIT SIZE         =   ----    ----
END OF MODULE INFORMATION.


C51 COMPILATION COMPLETE.  0 WARNING(S),  0 ERROR(S)
