C51 COMPILER V9.60.7.0   MAIN                                                              02/19/2026 21:04:26 PAGE 1   


C51 COMPILER V9.60.7.0, COMPILATION OF MODULE MAIN
OBJECT MODULE PLACED IN .\Objects\main.obj
COMPILER INVOKED BY: E:\Keil5\C51\BIN\C51.EXE main.c OPTIMIZE(8,SPEED) BROWSE DEBUG OBJECTEXTEND PRINT(.\Listings\main.l
                    -st) OBJECT(.\Objects\main.obj)

line level    source

   1          #include <regx52.h>
   2          
   3          unsigned char NUMBER[] = {0x3F, 0x06, 0x5B, 0x4F, 0x66, 0x6D, 0x7D, 0x07, 0x7F, 0x6F};
   4                  
   5          void disp(unsigned char loc, num);
   6          
   7          void Delay1ms(unsigned int t_ms);
   8          
   9          void main(){
  10   1              while(1){
  11   2                      disp(8,5);
  12   2                      Delay1ms(1);
  13   2                      disp(7,2);
  14   2                      Delay1ms(1);
  15   2                      disp(6,0);
  16   2                      Delay1ms(1);
  17   2                      disp(5,1);
  18   2                      Delay1ms(1);
  19   2                      disp(4,3);
  20   2                      Delay1ms(1);
  21   2                      disp(3,1);
  22   2                      Delay1ms(1);
  23   2                      disp(2,4);
  24   2                      Delay1ms(1);
  25   2              }
  26   1      
  27   1      }
  28          //
  29          void disp(unsigned char loc, num){
  30   1              switch(loc){
  31   2                      case 1: P2_2 = 0; P2_3 = 0; P2_4 = 0; break;
  32   2                      case 2: P2_2 = 1; P2_3 = 0; P2_4 = 0; break;
  33   2                      case 3: P2_2 = 0; P2_3 = 1; P2_4 = 0; break;
  34   2                      case 4: P2_2 = 1; P2_3 = 1; P2_4 = 0; break;
  35   2                      case 5: P2_2 = 0; P2_3 = 0; P2_4 = 1; break;
  36   2                      case 6: P2_2 = 1; P2_3 = 0; P2_4 = 1; break;
  37   2                      case 7: P2_2 = 0; P2_3 = 1; P2_4 = 1; break;
  38   2                      case 8: P2_2 = 1; P2_3 = 1; P2_4 = 1; break;
  39   2              }
  40   1              P0 = NUMBER[num];
  41   1              Delay1ms(1);
  42   1              P0 = 0x00;
  43   1      }
  44          //
  45          void Delay1ms(unsigned int t_ms)                //@12.000MHz
  46          {
  47   1              unsigned char i, j;
  48   1      
  49   1              unsigned int t;
  50   1              for(t = 0; t < t_ms; t++){
  51   2                      i = 2;
  52   2                      j = 239;
  53   2                      do
  54   2                      {
C51 COMPILER V9.60.7.0   MAIN                                                              02/19/2026 21:04:26 PAGE 2   

  55   3                              while (--j);
  56   3                      } while (--i);
  57   2                      }
  58   1      }


MODULE INFORMATION:   STATIC OVERLAYABLE
   CODE SIZE        =    220    ----
   CONSTANT SIZE    =   ----    ----
   XDATA SIZE       =   ----    ----
   PDATA SIZE       =   ----    ----
   DATA SIZE        =     10    ----
   IDATA SIZE       =   ----    ----
   BIT SIZE         =   ----    ----
END OF MODULE INFORMATION.


C51 COMPILATION COMPLETE.  0 WARNING(S),  0 ERROR(S)
